<?xml version="1.0" encoding="UTF-8" ?>
<testsuite tests="1" failures="1" name="Test1" time="0.007" errors="0" skipped="0">
  <properties>
[...]
</properties>
  <testcase classname="Test1" name="Testdemo" time="0.007">
    <failure message="expected [3] but found [2]" type="java.lang.AssertionError">java.lang.AssertionError: expected [3] but found [2]
	at org.testng.Assert.fail(Assert.java:94)
	at org.testng.Assert.failNotEquals(Assert.java:494)
	at org.testng.Assert.assertEquals(Assert.java:123)
	at org.testng.Assert.assertEquals(Assert.java:370)
	at org.testng.Assert.assertEquals(Assert.java:380)
	at Test1.Testdemo(Test1.java:7)
</failure>
    <system-out>Configuring TestNG with: org.apache.maven.surefire.testng.conf.TestNG652Configurator@20fa23c1
</system-out>
  </testcase>
</testsuite>